<?xml version="1.0" encoding="UTF-8"?>
<!-- Generated by org.testng.reporters.JUnitReportReporter -->
<testsuite skipped="0" hostname="RAHUL" name="email.EmailNew" tests="2" failures="0" timestamp="2019-11-08T19:02:21 IST" time="0.014" errors="0">
  <testcase name="a" time="0.012" classname="email.EmailNew"/>
  <testcase name="b" time="0.002" classname="email.EmailNew"/>
</testsuite> <!-- email.EmailNew -->
