<?xml version="1.0" encoding="UTF-8"?>
<!-- Generated by org.testng.reporters.JUnitReportReporter -->
<testsuite skipped="0" hostname="jmrinhr2292" name="email.SendEmail" tests="2" failures="0" timestamp="07 Nov 2019 09:20:43 GMT" time="0.009" errors="0">
  <testcase name="b" time="0.001" classname="email.SendEmail"/>
  <testcase name="a" time="0.008" classname="email.SendEmail"/>
</testsuite> <!-- email.SendEmail -->
