<?xml version="1.0" encoding="UTF-8"?>
<!-- Generated by org.testng.reporters.JUnitReportReporter -->
<testsuite skipped="0" hostname="jmrinhr2292" name="email.email1" tests="2" failures="0" timestamp="07 Nov 2019 10:23:49 GMT" time="11.555" errors="0">
  <testcase name="b" time="11.539" classname="email.email1"/>
  <testcase name="a" time="0.016" classname="email.email1"/>
</testsuite> <!-- email.email1 -->
